This is e-upTeX, Version 3.14159265-p3.8.3-u1.26-191112-2.6 (utf8.uptex) (TeX Live 2020) (preloaded format=uplatex 2020.11.23)  3 FEB 2023 07:06
entering extended mode
 \write18 enabled.
 file:line:error style messages enabled.
 %&-line parsing enabled.
**graduation_thesis.tex
(./graduation_thesis.tex
pLaTeX2e <2020-10-01u04>+1 (based on LaTeX2e <2020-10-01> patch level 1)
L3 programming layer <2020-10-05> xparse <2020-03-03>
(/Applications/TeXLive/Library/texlive/2020/texmf-dist/tex/platex/jsclasses/jsr
eport.cls
Document Class: jsreport 2020/10/09 jsclasses (okumura, texjporg)
\jsc@mpt=\dimen154
\jsc@mmm=\dimen155
\jsc@smallskipamount=\skip47
LaTeX Info: Redefining \textmc on input line 498.
LaTeX Info: Redefining \textgt on input line 500.
\symmincho=\mathgroup4
LaTeX Font Info:    Overwriting symbol font `mincho' in version `bold'
(Font)                  JY2/mc/m/n --> JY2/gt/m/n on input line 562.
LaTeX Font Info:    Font shape `JT2/mc/m/n' will be
(Font)              scaled to size 9.24683pt on input line 756.
LaTeX Font Info:    Font shape `JY2/mc/m/n' will be
(Font)              scaled to size 9.24683pt on input line 756.
\fullwidth=\dimen156
LaTeX Font Info:    Font shape `JT2/mc/m/n' will be
(Font)              scaled to size 7.39746pt on input line 895.
LaTeX Font Info:    Font shape `JY2/mc/m/n' will be
(Font)              scaled to size 7.39746pt on input line 895.
\c@part=\count174
\c@chapter=\count175
\c@section=\count176
\c@subsection=\count177
\c@subsubsection=\count178
\c@paragraph=\count179
\c@subparagraph=\count180
\@abstractbox=\box64
\c@figure=\count181
\c@table=\count182
\abovecaptionskip=\skip48
\belowcaptionskip=\skip49
\jsc@tocl@width=\dimen157
\@lnumwidth=\dimen158
\bibindent=\dimen159

(/Applications/TeXLive/Library/texlive/2020/texmf-dist/tex/platex/jsclasses/jsl
ogo.sty
Package: jslogo 2019/07/25 okumura, texjporg
LaTeX Info: Redefining \TeX on input line 82.
LaTeX Info: Redefining \LaTeX on input line 135.
LaTeX Info: Redefining \LaTeXe on input line 188.
)
\heisei=\count183
)
(/Applications/TeXLive/Library/texlive/2020/texmf-dist/tex/latex/etoolbox/etool
box.sty
Package: etoolbox 2020/10/05 v2.5k e-TeX tools for LaTeX (JAW)
\etb@tempcnta=\count184
)
(/Applications/TeXLive/Library/texlive/2020/texmf-dist/tex/latex/amsmath/amsmat
h.sty
Package: amsmath 2020/09/23 v2.17i AMS math features
\@mathmargin=\skip50

For additional information on amsmath, use the `?' option.

(/Applications/TeXLive/Library/texlive/2020/texmf-dist/tex/latex/amsmath/amstex
t.sty
Package: amstext 2000/06/29 v2.01 AMS text

(/Applications/TeXLive/Library/texlive/2020/texmf-dist/tex/latex/amsmath/amsgen
.sty
File: amsgen.sty 1999/11/30 v2.0 generic functions
\@emptytoks=\toks16
\ex@=\dimen160
))
(/Applications/TeXLive/Library/texlive/2020/texmf-dist/tex/latex/amsmath/amsbsy
.sty
Package: amsbsy 1999/11/29 v1.2d Bold Symbols
\pmbraise@=\dimen161
)
(/Applications/TeXLive/Library/texlive/2020/texmf-dist/tex/latex/amsmath/amsopn
.sty
Package: amsopn 2016/03/08 v2.02 operator names
)
\inf@bad=\count185
LaTeX Info: Redefining \frac on input line 234.
\uproot@=\count186
\leftroot@=\count187
LaTeX Info: Redefining \overline on input line 399.
\classnum@=\count188
\DOTSCASE@=\count189
LaTeX Info: Redefining \ldots on input line 496.
LaTeX Info: Redefining \dots on input line 499.
LaTeX Info: Redefining \cdots on input line 620.
\Mathstrutbox@=\box65
\strutbox@=\box66
\big@size=\dimen162
LaTeX Font Info:    Redeclaring font encoding OML on input line 743.
LaTeX Font Info:    Redeclaring font encoding OMS on input line 744.
\macc@depth=\count190
\c@MaxMatrixCols=\count191
\dotsspace@=\muskip16
\c@parentequation=\count192
\dspbrk@lvl=\count193
\tag@help=\toks17
\row@=\count194
\column@=\count195
\maxfields@=\count196
\andhelp@=\toks18
\eqnshift@=\dimen163
\alignsep@=\dimen164
\tagshift@=\dimen165
\tagwidth@=\dimen166
\totwidth@=\dimen167
\lineht@=\dimen168
\@envbody=\toks19
\multlinegap=\skip51
\multlinetaggap=\skip52
\mathdisplay@stack=\toks20
LaTeX Info: Redefining \[ on input line 2923.
LaTeX Info: Redefining \] on input line 2924.
)
(/Applications/TeXLive/Library/texlive/2020/texmf-dist/tex/latex/amsfonts/amsfo
nts.sty
Package: amsfonts 2013/01/14 v3.01 Basic AMSFonts support
\symAMSa=\mathgroup5
\symAMSb=\mathgroup6
LaTeX Font Info:    Redeclaring math symbol \hbar on input line 98.
LaTeX Font Info:    Overwriting math alphabet `\mathfrak' in version `bold'
(Font)                  U/euf/m/n --> U/euf/b/n on input line 106.
)
(/Applications/TeXLive/Library/texlive/2020/texmf-dist/tex/latex/tools/bm.sty
Package: bm 2019/07/24 v1.2d Bold Symbol Support (DPC/FMi)
\symboldoperators=\mathgroup7
\symboldletters=\mathgroup8
\symboldsymbols=\mathgroup9
\symboldmincho=\mathgroup10
LaTeX Font Info:    Redeclaring math alphabet \mathbf on input line 141.
LaTeX Info: Redefining \bm on input line 209.
)
(/Applications/TeXLive/Library/texlive/2020/texmf-dist/tex/latex/graphics/graph
icx.sty
Package: graphicx 2020/09/09 v1.2b Enhanced LaTeX Graphics (DPC,SPQR)

(/Applications/TeXLive/Library/texlive/2020/texmf-dist/tex/latex/graphics/keyva
l.sty
Package: keyval 2014/10/28 v1.15 key=value parser (DPC)
\KV@toks@=\toks21
)
(/Applications/TeXLive/Library/texlive/2020/texmf-dist/tex/latex/graphics/graph
ics.sty
Package: graphics 2020/08/30 v1.4c Standard LaTeX Graphics (DPC,SPQR)

(/Applications/TeXLive/Library/texlive/2020/texmf-dist/tex/latex/graphics/trig.
sty
Package: trig 2016/01/03 v1.10 sin cos tan (DPC)
)
(/Applications/TeXLive/Library/texlive/2020/texmf-dist/tex/latex/graphics-cfg/g
raphics.cfg
File: graphics.cfg 2016/06/04 v1.11 sample graphics configuration
)
Package graphics Info: Driver file: dvipdfmx.def on input line 105.

(/Applications/TeXLive/Library/texlive/2020/texmf-dist/tex/latex/graphics-def/d
vipdfmx.def
File: dvipdfmx.def 2020/08/26 v5.0h Graphics/color driver for dvipdfmx
))
\Gin@req@height=\dimen169
\Gin@req@width=\dimen170
)
(/Applications/TeXLive/Library/texlive/2020/texmf-dist/tex/latex/here/here.sty)

(/Applications/TeXLive/Library/texlive/2020/texmf-dist/tex/latex/float/float.st
y
Package: float 2001/11/08 v1.3d Float enhancements (AL)
\c@float@type=\count197
\float@exts=\toks22
\float@box=\box67
\@float@everytoks=\toks23
\@floatcapt=\box68
)
(/Applications/TeXLive/Library/texlive/2020/texmf-dist/tex/latex/caption/captio
n.sty
Package: caption 2020/09/12 v3.5b Customizing captions (AR)

(/Applications/TeXLive/Library/texlive/2020/texmf-dist/tex/latex/caption/captio
n3.sty
Package: caption3 2020/09/17 v2.1b caption3 kernel (AR)
\captionmargin=\dimen171
\captionmargin@=\dimen172
\captionwidth=\dimen173
\caption@tempdima=\dimen174
\caption@indent=\dimen175
\caption@parindent=\dimen176
\caption@hangindent=\dimen177
Package caption Info: Unknown document class (or package),
(caption)             standard defaults will be used.
Package caption Info: \@makecaption = \long macro:#1#2->{\small \advance \lefts
kip .0628\linewidth \advance \rightskip .0628\linewidth \vskip \abovecaptionski
p \sbox \@tempboxa {#1\hskip 1zw\relax #2}\ifdim \wd \@tempboxa <\hsize \center
ing \fi #1{\hskip 1zw\relax }#2\par \vskip \belowcaptionskip } on input line 11
20.
)

Package caption Warning: Unknown document class (or package),
(caption)                standard defaults will be used.
See the caption package documentation for explanation.

\c@caption@flags=\count198
\c@continuedfloat=\count199
Package caption Info: float package is loaded.
)
(/Applications/TeXLive/Library/texlive/2020/texmf-dist/tex/latex/caption/subcap
tion.sty
Package: subcaption 2020/08/23 v1.3g Sub-captions (AR)
\c@subfigure=\count266
\c@subtable=\count267
)
(/Applications/TeXLive/Library/texlive/2020/texmf-dist/tex/latex/l3backend/l3ba
ckend-dvips.def
File: l3backend-dvips.def 2020-09-24 L3 backend support: dvips
\l__pdf_internal_box=\box69
\g__pdf_backend_object_int=\count268
\l__pdf_backend_content_box=\box70
\l__pdf_backend_model_box=\box71
\g__pdf_backend_annotation_int=\count269
\g__pdf_backend_link_int=\count270
\g__pdf_backend_link_sf_int=\count271
) (./graduation_thesis.aux

LaTeX Warning: Label `eq2.12' multiply defined.

)
\openout1 = `graduation_thesis.aux'.

LaTeX Font Info:    Checking defaults for OML/cmm/m/it on input line 25.
LaTeX Font Info:    ... okay on input line 25.
LaTeX Font Info:    Checking defaults for OMS/cmsy/m/n on input line 25.
LaTeX Font Info:    ... okay on input line 25.
LaTeX Font Info:    Checking defaults for OT1/cmr/m/n on input line 25.
LaTeX Font Info:    ... okay on input line 25.
LaTeX Font Info:    Checking defaults for T1/cmr/m/n on input line 25.
LaTeX Font Info:    ... okay on input line 25.
LaTeX Font Info:    Checking defaults for TS1/cmr/m/n on input line 25.
LaTeX Font Info:    ... okay on input line 25.
LaTeX Font Info:    Checking defaults for OMX/cmex/m/n on input line 25.
LaTeX Font Info:    ... okay on input line 25.
LaTeX Font Info:    Checking defaults for U/cmr/m/n on input line 25.
LaTeX Font Info:    ... okay on input line 25.
LaTeX Font Info:    Checking defaults for JY2/mc/m/n on input line 25.
LaTeX Font Info:    ... okay on input line 25.
LaTeX Font Info:    Checking defaults for JT2/mc/m/n on input line 25.
LaTeX Font Info:    ... okay on input line 25.
Package caption Info: Begin \AtBeginDocument code.
Package caption Info: End \AtBeginDocument code.
LaTeX Font Info:    Font shape `JY2/mc/m/n' will be
(Font)              scaled to size 6.47278pt on input line 30.
LaTeX Font Info:    Font shape `JY2/mc/m/n' will be
(Font)              scaled to size 4.62341pt on input line 30.
LaTeX Font Info:    Trying to load font information for U+msa on input line 30.


(/Applications/TeXLive/Library/texlive/2020/texmf-dist/tex/latex/amsfonts/umsa.
fd
File: umsa.fd 2013/01/14 v3.01 AMS symbols A
)
LaTeX Font Info:    Trying to load font information for U+msb on input line 30.


(/Applications/TeXLive/Library/texlive/2020/texmf-dist/tex/latex/amsfonts/umsb.
fd
File: umsb.fd 2013/01/14 v3.01 AMS symbols B
)
LaTeX Font Info:    Font shape `JY2/gt/m/n' will be
(Font)              scaled to size 9.24683pt on input line 30.
LaTeX Font Info:    Font shape `JY2/gt/m/n' will be
(Font)              scaled to size 6.47278pt on input line 30.
LaTeX Font Info:    Font shape `JY2/gt/m/n' will be
(Font)              scaled to size 4.62341pt on input line 30.
LaTeX Font Info:    Font shape `JT2/mc/m/n' will be
(Font)              scaled to size 18.49365pt on input line 34.
LaTeX Font Info:    Font shape `JY2/mc/m/n' will be
(Font)              scaled to size 18.49365pt on input line 34.


LaTeX Font Warning: Font shape `OT1/cmr/m/n' in size <20> not available
(Font)              size <20.74> substituted on input line 34.

LaTeX Font Info:    Font shape `JT2/mc/m/n' will be
(Font)              scaled to size 16.64429pt on input line 43.
LaTeX Font Info:    Font shape `JY2/mc/m/n' will be
(Font)              scaled to size 16.64429pt on input line 43.

LaTeX Font Warning: Font shape `OT1/cmr/m/n' in size <18> not available
(Font)              size <17.28> substituted on input line 43.

[1

]
LaTeX Font Info:    Font shape `JT2/gt/m/n' will be
(Font)              scaled to size 9.24683pt on input line 57.
LaTeX Font Info:    Font shape `JT2/mc/m/n' will be
(Font)              scaled to size 23.0061pt on input line 57.
LaTeX Font Info:    Font shape `JY2/mc/m/n' will be
(Font)              scaled to size 23.0061pt on input line 57.
LaTeX Font Info:    Font shape `JT2/gt/m/n' will be
(Font)              scaled to size 23.0061pt on input line 57.
LaTeX Font Info:    Font shape `JY2/gt/m/n' will be
(Font)              scaled to size 23.0061pt on input line 57.
 (./graduation_thesis.toc [1])
\tf@toc=\write3
\openout3 = `graduation_thesis.toc'.

 [2]
第1章
LaTeX Font Info:    Font shape `JT2/mc/m/n' will be
(Font)              scaled to size 19.17792pt on input line 60.
LaTeX Font Info:    Font shape `JY2/mc/m/n' will be
(Font)              scaled to size 19.17792pt on input line 60.
LaTeX Font Info:    Font shape `JT2/gt/m/n' will be
(Font)              scaled to size 19.17792pt on input line 60.
LaTeX Font Info:    Font shape `JY2/gt/m/n' will be
(Font)              scaled to size 19.17792pt on input line 60.
LaTeX Font Info:    Font shape `JT2/mc/m/n' will be
(Font)              scaled to size 13.31541pt on input line 61.
LaTeX Font Info:    Font shape `JY2/mc/m/n' will be
(Font)              scaled to size 13.31541pt on input line 61.
LaTeX Font Info:    Font shape `JT2/gt/m/n' will be
(Font)              scaled to size 13.31541pt on input line 61.
LaTeX Font Info:    Font shape `JY2/gt/m/n' will be
(Font)              scaled to size 13.31541pt on input line 61.
LaTeX Font Info:    Font shape `JT2/mc/m/n' will be
(Font)              scaled to size 11.09619pt on input line 62.
LaTeX Font Info:    Font shape `JY2/mc/m/n' will be
(Font)              scaled to size 11.09619pt on input line 62.
LaTeX Font Info:    Font shape `JT2/gt/m/n' will be
(Font)              scaled to size 11.09619pt on input line 62.
LaTeX Font Info:    Font shape `JY2/gt/m/n' will be
(Font)              scaled to size 11.09619pt on input line 62.
[3

] [4] [5]
第2章
[6] [7] [8] [9] [10] [11]
第3章
LaTeX Font Info:    Font shape `JT2/mc/m/n' will be
(Font)              scaled to size 8.32214pt on input line 358.
LaTeX Font Info:    Font shape `JY2/mc/m/n' will be
(Font)              scaled to size 8.32214pt on input line 358.
LaTeX Font Info:    Font shape `JT2/mc/bx/n' in size <9> not available
(Font)              Font shape `JT2/gt/m/n' tried instead on input line 358.
LaTeX Font Info:    Font shape `JT2/gt/m/n' will be
(Font)              scaled to size 8.32214pt on input line 358.
LaTeX Font Info:    Font shape `JY2/mc/bx/n' in size <9> not available
(Font)              Font shape `JY2/gt/m/n' tried instead on input line 358.
LaTeX Font Info:    Font shape `JY2/gt/m/n' will be
(Font)              scaled to size 8.32214pt on input line 358.
[12]
File: case1_mean_hikaku.eps Graphic file (type eps)
<case1_mean_hikaku.eps>

Overfull \hbox (19.27084pt too wide) in paragraph at lines 392--393
 [][] 
 []

LaTeX Font Info:    Font shape `JT2/mc/bx/n' in size <8> not available
(Font)              Font shape `JT2/gt/m/n' tried instead on input line 393.
LaTeX Font Info:    Font shape `JT2/gt/m/n' will be
(Font)              scaled to size 7.39746pt on input line 393.
LaTeX Font Info:    Font shape `JY2/mc/bx/n' in size <8> not available
(Font)              Font shape `JY2/gt/m/n' tried instead on input line 393.
LaTeX Font Info:    Font shape `JY2/gt/m/n' will be
(Font)              scaled to size 7.39746pt on input line 393.
File: case1_deviation_hikaku.eps Graphic file (type eps)
<case1_deviation_hikaku.eps>

Overfull \hbox (19.27084pt too wide) in paragraph at lines 398--399
 [][] 
 []

File: case1_weight.eps Graphic file (type eps)
<case1_weight.eps>
[13]
File: case1_mean_rig.eps Graphic file (type eps)
<case1_mean_rig.eps>

Overfull \hbox (19.27084pt too wide) in paragraph at lines 432--433
 [][] 
 []

File: case1_deviation_rig.eps Graphic file (type eps)
<case1_deviation_rig.eps>

Overfull \hbox (19.27084pt too wide) in paragraph at lines 438--439
 [][] 
 []

File: case1_weight2.eps Graphic file (type eps)
<case1_weight2.eps>
[14]
File: case1_mean.eps Graphic file (type eps)
<case1_mean.eps>

Overfull \hbox (19.27084pt too wide) in paragraph at lines 464--465
 [][] 
 []

File: case1_deviation.eps Graphic file (type eps)
<case1_deviation.eps>

Overfull \hbox (19.27084pt too wide) in paragraph at lines 470--471
 [][] 
 []

File: case2_mean.eps Graphic file (type eps)
<case2_mean.eps>

Overfull \hbox (19.27084pt too wide) in paragraph at lines 483--484
 [][] 
 []

File: case2_deviation.eps Graphic file (type eps)
<case2_deviation.eps>

Overfull \hbox (19.27084pt too wide) in paragraph at lines 489--490
 [][] 
 []

[15]
File: case3_mean.eps Graphic file (type eps)
<case3_mean.eps>

Overfull \hbox (19.27084pt too wide) in paragraph at lines 502--503
 [][] 
 []

File: case3_deviation.eps Graphic file (type eps)
<case3_deviation.eps>

Overfull \hbox (19.27084pt too wide) in paragraph at lines 508--509
 [][] 
 []

File: case4_mean.eps Graphic file (type eps)
<case4_mean.eps>

Overfull \hbox (19.27084pt too wide) in paragraph at lines 521--522
 [][] 
 []

File: case4_deviation.eps Graphic file (type eps)
<case4_deviation.eps>

Overfull \hbox (19.27084pt too wide) in paragraph at lines 527--528
 [][] 
 []

[16]
File: case5_mean.eps Graphic file (type eps)
<case5_mean.eps>

Overfull \hbox (19.27084pt too wide) in paragraph at lines 540--541
 [][] 
 []

File: case5_deviation.eps Graphic file (type eps)
<case5_deviation.eps>

Overfull \hbox (19.27084pt too wide) in paragraph at lines 546--547
 [][] 
 []

File: case6_mean.eps Graphic file (type eps)
<case6_mean.eps>

Overfull \hbox (19.27084pt too wide) in paragraph at lines 559--560
 [][] 
 []

File: case6_deviation.eps Graphic file (type eps)
<case6_deviation.eps>

Overfull \hbox (19.27084pt too wide) in paragraph at lines 565--566
 [][] 
 []

[17]
File: case7_mean.eps Graphic file (type eps)
<case7_mean.eps>

Overfull \hbox (19.27084pt too wide) in paragraph at lines 578--579
 [][] 
 []

File: case7_deviation.eps Graphic file (type eps)
<case7_deviation.eps>

Overfull \hbox (19.27084pt too wide) in paragraph at lines 584--585
 [][] 
 []

File: case8_mean.eps Graphic file (type eps)
<case8_mean.eps>

Overfull \hbox (19.27084pt too wide) in paragraph at lines 597--598
 [][] 
 []

File: case8_deviation.eps Graphic file (type eps)
<case8_deviation.eps>

Overfull \hbox (19.27084pt too wide) in paragraph at lines 603--604
 [][] 
 []

[18]
File: case9_mean.eps Graphic file (type eps)
<case9_mean.eps>

Overfull \hbox (19.27084pt too wide) in paragraph at lines 616--617
 [][] 
 []

File: case9_deviation.eps Graphic file (type eps)
<case9_deviation.eps>

Overfull \hbox (19.27084pt too wide) in paragraph at lines 622--623
 [][] 
 []

[19]
第4章
LaTeX Font Info:    Font shape `JT2/mc/bx/n' in size <10> not available
(Font)              Font shape `JT2/gt/m/n' tried instead on input line 654.
LaTeX Font Info:    Font shape `JT2/gt/m/n' will be
(Font)              scaled to size 9.24683pt on input line 654.
LaTeX Font Info:    Font shape `JY2/mc/bx/n' in size <10> not available
(Font)              Font shape `JY2/gt/m/n' tried instead on input line 654.
LaTeX Font Info:    Font shape `JY2/gt/m/n' will be
(Font)              scaled to size 9.24683pt on input line 654.
[20]
File: std.eps Graphic file (type eps)
<std.eps>
LaTeX Font Info:    Font shape `JY2/mc/m/n' will be
(Font)              scaled to size 5.5481pt on input line 677.
LaTeX Font Info:    Font shape `JY2/gt/m/n' will be
(Font)              scaled to size 5.5481pt on input line 677.
File: 2mockup_data.eps Graphic file (type eps)
<2mockup_data.eps>
 [21]
File: 2mockup_corr.eps Graphic file (type eps)
<2mockup_corr.eps>
File: 2mockup_imp.eps Graphic file (type eps)
<2mockup_imp.eps>
 [22]
File: 6mockup.eps Graphic file (type eps)
<6mockup.eps>
 [23] [24]
第5章
[25] (./graduation_thesis.bbl
LaTeX Font Info:    Font shape `JT2/gt/m/it' in size <10> not available
(Font)              Font shape `JT2/gt/m/n' tried instead on input line 6.
LaTeX Font Info:    Font shape `JT2/gt/m/n' will be
(Font)              scaled to size 9.24683pt on input line 6.
LaTeX Font Info:    Font shape `JY2/gt/m/it' in size <10> not available
(Font)              Font shape `JY2/gt/m/n' tried instead on input line 6.
LaTeX Font Info:    Font shape `JY2/gt/m/n' will be
(Font)              scaled to size 9.24683pt on input line 6.
 [26]) [27] (./graduation_thesis.aux)

LaTeX Font Warning: Size substitutions with differences
(Font)              up to 0.74pt have occurred.


LaTeX Warning: There were multiply-defined labels.

 ) 
Here is how much of TeX's memory you used:
 3815 strings out of 480382
 60310 string characters out of 5887312
 361711 words of memory out of 5000000
 20532 multiletter control sequences out of 15000+600000
 557106 words of font info for 134 fonts, out of 8000000 for 9000
 934 hyphenation exceptions out of 8191
 66i,12n,72p,420b,716s stack positions out of 5000i,500n,10000p,200000b,80000s

Output written on graduation_thesis.dvi (28 pages, 70372 bytes).
