This is e-upTeX, Version 3.14159265-p3.8.3-u1.26-191112-2.6 (utf8.uptex) (TeX Live 2020) (preloaded format=uplatex 2020.11.23)  23 DEC 2022 14:00
entering extended mode
 \write18 enabled.
 file:line:error style messages enabled.
 %&-line parsing enabled.
**takami_1215のコピー.tex
(./takami_1215のコピー.tex
pLaTeX2e <2020-10-01u04>+1 (based on LaTeX2e <2020-10-01> patch level 1)
L3 programming layer <2020-10-05> xparse <2020-03-03> (/Applications/TeXLive/Library/texlive/2020/texmf-dist/tex/platex/jsclasses/jsarticle.cls
Document Class: jsarticle 2020/10/09 jsclasses (okumura, texjporg)

/Applications/TeXLive/Library/texlive/2020/texmf-dist/tex/platex/jsclasses/jsarticle.cls:224: Class jsarticle Error: You are running upLaTeX.
(jsarticle)              Please use pLaTeX instead, or add 'uplatex' to
(jsarticle)              the class option list.

See the jsarticle class documentation for explanation.
Type  H <return>  for immediate help.
 ...                                              
                                                  
l.224       {\@ehc}
                    
Here is how much of TeX's memory you used:
 142 strings out of 480382
 2229 string characters out of 5887312
 273729 words of memory out of 5000000
 17020 multiletter control sequences out of 15000+600000
 537729 words of font info for 47 fonts, out of 8000000 for 9000
 929 hyphenation exceptions out of 8191
 38i,0n,46p,123b,14s stack positions out of 5000i,500n,10000p,200000b,80000s

No pages of output.
